<?xml version="1.0" encoding="UTF-8"?>
<!-- Generated by org.testng.reporters.JUnitXMLReporter -->
<testsuite ignored="0" hostname="kip.local" failures="0" tests="8" name="Challenge One" time="11.299" errors="0" timestamp="2021-04-07T19:04:45 EEST">
  <testcase classname="ChallengeOne" name="submitFirstName" time="1.126"/>
  <testcase classname="ChallengeOne" name="submitFirstName" time="1.024"/>
  <testcase classname="ChallengeOne" name="submitFirstName" time="0.999"/>
  <testcase classname="ChallengeOne" name="submitFirstName" time="1.262"/>
  <testcase classname="ChallengeOne" name="submitFirstName" time="1.054"/>
  <testcase classname="ChallengeOne" name="submitFirstName" time="0.908"/>
  <testcase classname="ChallengeOne" name="submitFirstName" time="0.937"/>
  <testcase classname="ChallengeOne" name="submitFirstName" time="0.999"/>
</testsuite> <!-- Challenge One -->
