<?xml version="1.0" encoding="UTF-8"?>
<testsuite xmlns:xsi="http://www.w3.org/2001/XMLSchema-instance" xsi:noNamespaceSchemaLocation="https://maven.apache.org/surefire/maven-surefire-plugin/xsd/surefire-test-report-3.0.xsd" version="3.0" name="TestSuite" time="25.822" tests="10" errors="0" skipped="0" failures="0">
  <properties>
[...]
</properties>
  <testcase name="submitFirstName[ , Space](1)" classname="ChallengeOne" time="1.106">
    <system-err><![CDATA[Starting ChromeDriver 89.0.4389.23 (61b08ee2c50024bab004e48d2b1b083cdbdac579-refs/branch-heads/4389@{#294}) on port 32538
Only local connections are allowed.
Please see https://chromedriver.chromium.org/security-considerations for suggestions on keeping ChromeDriver safe.
ChromeDriver was started successfully.
Apr 07, 2021 7:04:36 PM org.openqa.selenium.remote.ProtocolHandshake createSession
INFO: Detected dialect: W3C
]]></system-err>
  </testcase>
  <testcase name="submitFirstName[t, Minimum value](2)" classname="ChallengeOne" time="1.023"/>
  <testcase name="submitFirstName[Tim, Average value](3)" classname="ChallengeOne" time="1"/>
  <testcase name="submitFirstName[tttttttttttttttttttttttttttttt, Maximum values](4)" classname="ChallengeOne" time="1.262"/>
  <testcase name="submitFirstName[ttttttttttttttttttttttttttttttttt, More than maximum values](5)" classname="ChallengeOne" time="1.054"/>
  <testcase name="submitFirstName[ test, Space values at the beginning](6)" classname="ChallengeOne" time="0.907"/>
  <testcase name="submitFirstName[test test, Space in the middle](7)" classname="ChallengeOne" time="0.937"/>
  <testcase name="submitFirstName[test , Space values at the end](8)" classname="ChallengeOne" time="1"/>
  <testcase name="registerAndVerifyUser" classname="ChallengeTen" time="4.745">
    <system-err><![CDATA[Starting ChromeDriver 89.0.4389.23 (61b08ee2c50024bab004e48d2b1b083cdbdac579-refs/branch-heads/4389@{#294}) on port 4893
Only local connections are allowed.
Please see https://chromedriver.chromium.org/security-considerations for suggestions on keeping ChromeDriver safe.
ChromeDriver was started successfully.
Apr 07, 2021 7:04:46 PM org.openqa.selenium.remote.ProtocolHandshake createSession
INFO: Detected dialect: W3C
]]></system-err>
  </testcase>
  <testcase name="inputCNP" classname="ChallengeFour" time="6.399">
    <system-err><![CDATA[Starting ChromeDriver 89.0.4389.23 (61b08ee2c50024bab004e48d2b1b083cdbdac579-refs/branch-heads/4389@{#294}) on port 23754
Only local connections are allowed.
Please see https://chromedriver.chromium.org/security-considerations for suggestions on keeping ChromeDriver safe.
ChromeDriver was started successfully.
Apr 07, 2021 7:04:53 PM org.openqa.selenium.remote.ProtocolHandshake createSession
INFO: Detected dialect: W3C
]]></system-err>
  </testcase>
</testsuite>