<?xml version="1.0" encoding="UTF-8"?>
<testng-results ignored="0" total="10" passed="10" failed="0" skipped="0">
  <reporter-output>
  </reporter-output>
  <suite started-at="2021-04-07T19:04:34 EEST" name="Suite" finished-at="2021-04-07T19:04:59 EEST" duration-ms="25376">
    <groups>
    </groups>
    <test started-at="2021-04-07T19:04:34 EEST" name="Challenge One" finished-at="2021-04-07T19:04:45 EEST" duration-ms="11299">
      <class name="ChallengeOne">
        <test-method is-config="true" signature="initDriver()[pri:0, instance:ChallengeOne@2ed0fbae]" started-at="2021-04-07T19:04:34 EEST" name="initDriver" finished-at="2021-04-07T19:04:37 EEST" duration-ms="2824" status="PASS">
          <reporter-output>
          </reporter-output>
        </test-method> <!-- initDriver -->
        <test-method signature="submitFirstName(java.lang.String,java.lang.String)[pri:0, instance:ChallengeOne@2ed0fbae]" started-at="2021-04-07T19:04:37 EEST" name="submitFirstName" data-provider="getData" finished-at="2021-04-07T19:04:38 EEST" duration-ms="1126" status="PASS">
          <params>
            <param index="0">
              <value>
                <![CDATA[ ]]>
              </value>
            </param>
            <param index="1">
              <value>
                <![CDATA[Space]]>
              </value>
            </param>
          </params>
          <reporter-output>
          </reporter-output>
        </test-method> <!-- submitFirstName -->
        <test-method signature="submitFirstName(java.lang.String,java.lang.String)[pri:0, instance:ChallengeOne@2ed0fbae]" started-at="2021-04-07T19:04:38 EEST" name="submitFirstName" data-provider="getData" finished-at="2021-04-07T19:04:39 EEST" duration-ms="1024" status="PASS">
          <params>
            <param index="0">
              <value>
                <![CDATA[t]]>
              </value>
            </param>
            <param index="1">
              <value>
                <![CDATA[Minimum value]]>
              </value>
            </param>
          </params>
          <reporter-output>
          </reporter-output>
        </test-method> <!-- submitFirstName -->
        <test-method signature="submitFirstName(java.lang.String,java.lang.String)[pri:0, instance:ChallengeOne@2ed0fbae]" started-at="2021-04-07T19:04:39 EEST" name="submitFirstName" data-provider="getData" finished-at="2021-04-07T19:04:40 EEST" duration-ms="999" status="PASS">
          <params>
            <param index="0">
              <value>
                <![CDATA[Tim]]>
              </value>
            </param>
            <param index="1">
              <value>
                <![CDATA[Average value]]>
              </value>
            </param>
          </params>
          <reporter-output>
          </reporter-output>
        </test-method> <!-- submitFirstName -->
        <test-method signature="submitFirstName(java.lang.String,java.lang.String)[pri:0, instance:ChallengeOne@2ed0fbae]" started-at="2021-04-07T19:04:40 EEST" name="submitFirstName" data-provider="getData" finished-at="2021-04-07T19:04:41 EEST" duration-ms="1262" status="PASS">
          <params>
            <param index="0">
              <value>
                <![CDATA[tttttttttttttttttttttttttttttt]]>
              </value>
            </param>
            <param index="1">
              <value>
                <![CDATA[Maximum values]]>
              </value>
            </param>
          </params>
          <reporter-output>
          </reporter-output>
        </test-method> <!-- submitFirstName -->
        <test-method signature="submitFirstName(java.lang.String,java.lang.String)[pri:0, instance:ChallengeOne@2ed0fbae]" started-at="2021-04-07T19:04:41 EEST" name="submitFirstName" data-provider="getData" finished-at="2021-04-07T19:04:42 EEST" duration-ms="1054" status="PASS">
          <params>
            <param index="0">
              <value>
                <![CDATA[ttttttttttttttttttttttttttttttttt]]>
              </value>
            </param>
            <param index="1">
              <value>
                <![CDATA[More than maximum values]]>
              </value>
            </param>
          </params>
          <reporter-output>
          </reporter-output>
        </test-method> <!-- submitFirstName -->
        <test-method signature="submitFirstName(java.lang.String,java.lang.String)[pri:0, instance:ChallengeOne@2ed0fbae]" started-at="2021-04-07T19:04:42 EEST" name="submitFirstName" data-provider="getData" finished-at="2021-04-07T19:04:43 EEST" duration-ms="908" status="PASS">
          <params>
            <param index="0">
              <value>
                <![CDATA[ test]]>
              </value>
            </param>
            <param index="1">
              <value>
                <![CDATA[Space values at the beginning]]>
              </value>
            </param>
          </params>
          <reporter-output>
          </reporter-output>
        </test-method> <!-- submitFirstName -->
        <test-method signature="submitFirstName(java.lang.String,java.lang.String)[pri:0, instance:ChallengeOne@2ed0fbae]" started-at="2021-04-07T19:04:43 EEST" name="submitFirstName" data-provider="getData" finished-at="2021-04-07T19:04:44 EEST" duration-ms="937" status="PASS">
          <params>
            <param index="0">
              <value>
                <![CDATA[test test]]>
              </value>
            </param>
            <param index="1">
              <value>
                <![CDATA[Space in the middle]]>
              </value>
            </param>
          </params>
          <reporter-output>
          </reporter-output>
        </test-method> <!-- submitFirstName -->
        <test-method signature="submitFirstName(java.lang.String,java.lang.String)[pri:0, instance:ChallengeOne@2ed0fbae]" started-at="2021-04-07T19:04:44 EEST" name="submitFirstName" data-provider="getData" finished-at="2021-04-07T19:04:45 EEST" duration-ms="999" status="PASS">
          <params>
            <param index="0">
              <value>
                <![CDATA[test ]]>
              </value>
            </param>
            <param index="1">
              <value>
                <![CDATA[Space values at the end]]>
              </value>
            </param>
          </params>
          <reporter-output>
          </reporter-output>
        </test-method> <!-- submitFirstName -->
        <test-method is-config="true" signature="teardown()[pri:0, instance:ChallengeOne@2ed0fbae]" started-at="2021-04-07T19:04:45 EEST" name="teardown" finished-at="2021-04-07T19:04:45 EEST" duration-ms="102" status="PASS">
          <reporter-output>
          </reporter-output>
        </test-method> <!-- teardown -->
      </class> <!-- ChallengeOne -->
    </test> <!-- Challenge One -->
    <test started-at="2021-04-07T19:04:45 EEST" name="Challenge Ten" finished-at="2021-04-07T19:04:51 EEST" duration-ms="6094">
      <class name="ChallengeTen">
        <test-method is-config="true" signature="initDriver()[pri:0, instance:ChallengeTen@fdefd3f]" started-at="2021-04-07T19:04:45 EEST" name="initDriver" finished-at="2021-04-07T19:04:46 EEST" duration-ms="1236" status="PASS">
          <reporter-output>
          </reporter-output>
        </test-method> <!-- initDriver -->
        <test-method signature="registerAndVerifyUser()[pri:0, instance:ChallengeTen@fdefd3f]" started-at="2021-04-07T19:04:46 EEST" name="registerAndVerifyUser" finished-at="2021-04-07T19:04:51 EEST" duration-ms="4756" status="PASS">
          <reporter-output>
          </reporter-output>
        </test-method> <!-- registerAndVerifyUser -->
        <test-method is-config="true" signature="teardown()[pri:0, instance:ChallengeTen@fdefd3f]" started-at="2021-04-07T19:04:51 EEST" name="teardown" finished-at="2021-04-07T19:04:51 EEST" duration-ms="98" status="PASS">
          <reporter-output>
          </reporter-output>
        </test-method> <!-- teardown -->
      </class> <!-- ChallengeTen -->
    </test> <!-- Challenge Ten -->
    <test started-at="2021-04-07T19:04:51 EEST" name="Challenge Four" finished-at="2021-04-07T19:04:59 EEST" duration-ms="7775">
      <class name="ChallengeFour">
        <test-method is-config="true" signature="initDriver()[pri:0, instance:ChallengeFour@78047b92]" started-at="2021-04-07T19:04:51 EEST" name="initDriver" finished-at="2021-04-07T19:04:53 EEST" duration-ms="1281" status="PASS">
          <reporter-output>
          </reporter-output>
        </test-method> <!-- initDriver -->
        <test-method signature="inputCNP()[pri:0, instance:ChallengeFour@78047b92]" started-at="2021-04-07T19:04:53 EEST" name="inputCNP" finished-at="2021-04-07T19:04:59 EEST" duration-ms="6407" status="PASS">
          <reporter-output>
          </reporter-output>
        </test-method> <!-- inputCNP -->
        <test-method is-config="true" signature="teardown()[pri:0, instance:ChallengeFour@78047b92]" started-at="2021-04-07T19:04:59 EEST" name="teardown" finished-at="2021-04-07T19:04:59 EEST" duration-ms="87" status="PASS">
          <reporter-output>
          </reporter-output>
        </test-method> <!-- teardown -->
      </class> <!-- ChallengeFour -->
    </test> <!-- Challenge Four -->
  </suite> <!-- Suite -->
</testng-results>
